<?xml version="1.0" encoding="UTF-8"?>
<testsuite xmlns:xsi="http://www.w3.org/2001/XMLSchema-instance" xsi:noNamespaceSchemaLocation="https://maven.apache.org/surefire/maven-surefire-plugin/xsd/surefire-test-report.xsd" name="org.jboss.as.quickstarts.wshelloworld.ClientTest" time="0.211" tests="3" errors="0" skipped="3" failures="0">
  <properties>
    <property name="sun.desktop" value="windows"/>
    <property name="awt.toolkit" value="sun.awt.windows.WToolkit"/>
    <property name="java.specification.version" value="12"/>
    <property name="sun.cpu.isalist" value="amd64"/>
    <property name="sun.jnu.encoding" value="Cp1252"/>
    <property name="java.class.path" value="c:\wildfly-17.0.0.Final\quickstart-17.0.0.Final\helloworld-ws\target\test-classes;c:\wildfly-17.0.0.Final\quickstart-17.0.0.Final\helloworld-ws\target\classes;C:\Users\Eimy Mendez\.m2\repository\javax\enterprise\cdi-api\2.0.SP1\cdi-api-2.0.SP1.jar;C:\Users\Eimy Mendez\.m2\repository\javax\inject\javax.inject\1\javax.inject-1.jar;C:\Users\Eimy Mendez\.m2\repository\junit\junit\4.12\junit-4.12.jar;C:\Users\Eimy Mendez\.m2\repository\org\hamcrest\hamcrest-core\1.3\hamcrest-core-1.3.jar;C:\Users\Eimy Mendez\.m2\repository\org\jboss\arquillian\junit\arquillian-junit-container\1.4.0.Final\arquillian-junit-container-1.4.0.Final.jar;C:\Users\Eimy Mendez\.m2\repository\org\jboss\arquillian\junit\arquillian-junit-core\1.4.0.Final\arquillian-junit-core-1.4.0.Final.jar;C:\Users\Eimy Mendez\.m2\repository\org\jboss\arquillian\test\arquillian-test-api\1.4.0.Final\arquillian-test-api-1.4.0.Final.jar;C:\Users\Eimy Mendez\.m2\repository\org\jboss\arquillian\core\arquillian-core-api\1.4.0.Final\arquillian-core-api-1.4.0.Final.jar;C:\Users\Eimy Mendez\.m2\repository\org\jboss\arquillian\test\arquillian-test-spi\1.4.0.Final\arquillian-test-spi-1.4.0.Final.jar;C:\Users\Eimy Mendez\.m2\repository\org\jboss\arquillian\core\arquillian-core-spi\1.4.0.Final\arquillian-core-spi-1.4.0.Final.jar;C:\Users\Eimy Mendez\.m2\repository\org\jboss\arquillian\container\arquillian-container-test-api\1.4.0.Final\arquillian-container-test-api-1.4.0.Final.jar;C:\Users\Eimy Mendez\.m2\repository\org\jboss\shrinkwrap\shrinkwrap-api\1.2.6\shrinkwrap-api-1.2.6.jar;C:\Users\Eimy Mendez\.m2\repository\org\jboss\shrinkwrap\descriptors\shrinkwrap-descriptors-api-base\2.0.0\shrinkwrap-descriptors-api-base-2.0.0.jar;C:\Users\Eimy Mendez\.m2\repository\org\jboss\arquillian\container\arquillian-container-test-spi\1.4.0.Final\arquillian-container-test-spi-1.4.0.Final.jar;C:\Users\Eimy Mendez\.m2\repository\org\jboss\arquillian\container\arquillian-container-spi\1.4.0.Final\arquillian-container-spi-1.4.0.Final.jar;C:\Users\Eimy Mendez\.m2\repository\org\jboss\arquillian\core\arquillian-core-impl-base\1.4.0.Final\arquillian-core-impl-base-1.4.0.Final.jar;C:\Users\Eimy Mendez\.m2\repository\org\jboss\arquillian\test\arquillian-test-impl-base\1.4.0.Final\arquillian-test-impl-base-1.4.0.Final.jar;C:\Users\Eimy Mendez\.m2\repository\org\jboss\arquillian\container\arquillian-container-impl-base\1.4.0.Final\arquillian-container-impl-base-1.4.0.Final.jar;C:\Users\Eimy Mendez\.m2\repository\org\jboss\arquillian\config\arquillian-config-api\1.4.0.Final\arquillian-config-api-1.4.0.Final.jar;C:\Users\Eimy Mendez\.m2\repository\org\jboss\arquillian\config\arquillian-config-impl-base\1.4.0.Final\arquillian-config-impl-base-1.4.0.Final.jar;C:\Users\Eimy Mendez\.m2\repository\org\jboss\arquillian\config\arquillian-config-spi\1.4.0.Final\arquillian-config-spi-1.4.0.Final.jar;C:\Users\Eimy Mendez\.m2\repository\org\jboss\shrinkwrap\descriptors\shrinkwrap-descriptors-spi\2.0.0\shrinkwrap-descriptors-spi-2.0.0.jar;C:\Users\Eimy Mendez\.m2\repository\org\jboss\arquillian\container\arquillian-container-test-impl-base\1.4.0.Final\arquillian-container-test-impl-base-1.4.0.Final.jar;C:\Users\Eimy Mendez\.m2\repository\org\jboss\shrinkwrap\shrinkwrap-impl-base\1.2.6\shrinkwrap-impl-base-1.2.6.jar;C:\Users\Eimy Mendez\.m2\repository\org\jboss\shrinkwrap\shrinkwrap-spi\1.2.6\shrinkwrap-spi-1.2.6.jar;C:\Users\Eimy Mendez\.m2\repository\org\jboss\spec\javax\annotation\jboss-annotations-api_1.3_spec\1.0.1.Final\jboss-annotations-api_1.3_spec-1.0.1.Final.jar;C:\Users\Eimy Mendez\.m2\repository\org\jboss\spec\javax\servlet\jboss-servlet-api_4.0_spec\1.0.0.Final\jboss-servlet-api_4.0_spec-1.0.0.Final.jar;C:\Users\Eimy Mendez\.m2\repository\javax\jws\jsr181-api\1.0-MR1\jsr181-api-1.0-MR1.jar;C:\Users\Eimy Mendez\.m2\repository\org\jboss\spec\javax\xml\ws\jboss-jaxws-api_2.3_spec\1.0.0.Final\jboss-jaxws-api_2.3_spec-1.0.0.Final.jar;"/>
    <property name="java.vm.vendor" value="Oracle Corporation"/>
    <property name="sun.arch.data.model" value="64"/>
    <property name="user.variant" value=""/>
    <property name="java.vendor.url" value="https://java.oracle.com/"/>
    <property name="user.timezone" value="America/Bogota"/>
    <property name="os.name" value="Windows 10"/>
    <property name="java.vm.specification.version" value="12"/>
    <property name="sun.java.launcher" value="SUN_STANDARD"/>
    <property name="user.country" value="CO"/>
    <property name="sun.boot.library.path" value="C:\Program Files\Java\jdk-12.0.1\bin"/>
    <property name="sun.java.command" value="C:\Users\EIMYME~1\AppData\Local\Temp\surefire10432439807986577408\surefirebooter8060949929526459305.jar C:\Users\Eimy Mendez\AppData\Local\Temp\surefire10432439807986577408 2019-07-10T20-02-38_553-jvmRun1 surefire13340688565368454997tmp surefire_02955260299614501305tmp"/>
    <property name="jdk.debug" value="release"/>
    <property name="surefire.test.class.path" value="c:\wildfly-17.0.0.Final\quickstart-17.0.0.Final\helloworld-ws\target\test-classes;c:\wildfly-17.0.0.Final\quickstart-17.0.0.Final\helloworld-ws\target\classes;C:\Users\Eimy Mendez\.m2\repository\javax\enterprise\cdi-api\2.0.SP1\cdi-api-2.0.SP1.jar;C:\Users\Eimy Mendez\.m2\repository\javax\inject\javax.inject\1\javax.inject-1.jar;C:\Users\Eimy Mendez\.m2\repository\junit\junit\4.12\junit-4.12.jar;C:\Users\Eimy Mendez\.m2\repository\org\hamcrest\hamcrest-core\1.3\hamcrest-core-1.3.jar;C:\Users\Eimy Mendez\.m2\repository\org\jboss\arquillian\junit\arquillian-junit-container\1.4.0.Final\arquillian-junit-container-1.4.0.Final.jar;C:\Users\Eimy Mendez\.m2\repository\org\jboss\arquillian\junit\arquillian-junit-core\1.4.0.Final\arquillian-junit-core-1.4.0.Final.jar;C:\Users\Eimy Mendez\.m2\repository\org\jboss\arquillian\test\arquillian-test-api\1.4.0.Final\arquillian-test-api-1.4.0.Final.jar;C:\Users\Eimy Mendez\.m2\repository\org\jboss\arquillian\core\arquillian-core-api\1.4.0.Final\arquillian-core-api-1.4.0.Final.jar;C:\Users\Eimy Mendez\.m2\repository\org\jboss\arquillian\test\arquillian-test-spi\1.4.0.Final\arquillian-test-spi-1.4.0.Final.jar;C:\Users\Eimy Mendez\.m2\repository\org\jboss\arquillian\core\arquillian-core-spi\1.4.0.Final\arquillian-core-spi-1.4.0.Final.jar;C:\Users\Eimy Mendez\.m2\repository\org\jboss\arquillian\container\arquillian-container-test-api\1.4.0.Final\arquillian-container-test-api-1.4.0.Final.jar;C:\Users\Eimy Mendez\.m2\repository\org\jboss\shrinkwrap\shrinkwrap-api\1.2.6\shrinkwrap-api-1.2.6.jar;C:\Users\Eimy Mendez\.m2\repository\org\jboss\shrinkwrap\descriptors\shrinkwrap-descriptors-api-base\2.0.0\shrinkwrap-descriptors-api-base-2.0.0.jar;C:\Users\Eimy Mendez\.m2\repository\org\jboss\arquillian\container\arquillian-container-test-spi\1.4.0.Final\arquillian-container-test-spi-1.4.0.Final.jar;C:\Users\Eimy Mendez\.m2\repository\org\jboss\arquillian\container\arquillian-container-spi\1.4.0.Final\arquillian-container-spi-1.4.0.Final.jar;C:\Users\Eimy Mendez\.m2\repository\org\jboss\arquillian\core\arquillian-core-impl-base\1.4.0.Final\arquillian-core-impl-base-1.4.0.Final.jar;C:\Users\Eimy Mendez\.m2\repository\org\jboss\arquillian\test\arquillian-test-impl-base\1.4.0.Final\arquillian-test-impl-base-1.4.0.Final.jar;C:\Users\Eimy Mendez\.m2\repository\org\jboss\arquillian\container\arquillian-container-impl-base\1.4.0.Final\arquillian-container-impl-base-1.4.0.Final.jar;C:\Users\Eimy Mendez\.m2\repository\org\jboss\arquillian\config\arquillian-config-api\1.4.0.Final\arquillian-config-api-1.4.0.Final.jar;C:\Users\Eimy Mendez\.m2\repository\org\jboss\arquillian\config\arquillian-config-impl-base\1.4.0.Final\arquillian-config-impl-base-1.4.0.Final.jar;C:\Users\Eimy Mendez\.m2\repository\org\jboss\arquillian\config\arquillian-config-spi\1.4.0.Final\arquillian-config-spi-1.4.0.Final.jar;C:\Users\Eimy Mendez\.m2\repository\org\jboss\shrinkwrap\descriptors\shrinkwrap-descriptors-spi\2.0.0\shrinkwrap-descriptors-spi-2.0.0.jar;C:\Users\Eimy Mendez\.m2\repository\org\jboss\arquillian\container\arquillian-container-test-impl-base\1.4.0.Final\arquillian-container-test-impl-base-1.4.0.Final.jar;C:\Users\Eimy Mendez\.m2\repository\org\jboss\shrinkwrap\shrinkwrap-impl-base\1.2.6\shrinkwrap-impl-base-1.2.6.jar;C:\Users\Eimy Mendez\.m2\repository\org\jboss\shrinkwrap\shrinkwrap-spi\1.2.6\shrinkwrap-spi-1.2.6.jar;C:\Users\Eimy Mendez\.m2\repository\org\jboss\spec\javax\annotation\jboss-annotations-api_1.3_spec\1.0.1.Final\jboss-annotations-api_1.3_spec-1.0.1.Final.jar;C:\Users\Eimy Mendez\.m2\repository\org\jboss\spec\javax\servlet\jboss-servlet-api_4.0_spec\1.0.0.Final\jboss-servlet-api_4.0_spec-1.0.0.Final.jar;C:\Users\Eimy Mendez\.m2\repository\javax\jws\jsr181-api\1.0-MR1\jsr181-api-1.0-MR1.jar;C:\Users\Eimy Mendez\.m2\repository\org\jboss\spec\javax\xml\ws\jboss-jaxws-api_2.3_spec\1.0.0.Final\jboss-jaxws-api_2.3_spec-1.0.0.Final.jar;"/>
    <property name="sun.cpu.endian" value="little"/>
    <property name="user.home" value="C:\Users\Eimy Mendez"/>
    <property name="user.language" value="es"/>
    <property name="java.specification.vendor" value="Oracle Corporation"/>
    <property name="java.version.date" value="2019-04-16"/>
    <property name="java.home" value="C:\Program Files\Java\jdk-12.0.1"/>
    <property name="file.separator" value="\"/>
    <property name="basedir" value="c:\wildfly-17.0.0.Final\quickstart-17.0.0.Final\helloworld-ws"/>
    <property name="java.vm.compressedOopsMode" value="Zero based"/>
    <property name="line.separator" value="&#10;"/>
    <property name="java.vm.specification.vendor" value="Oracle Corporation"/>
    <property name="java.specification.name" value="Java Platform API Specification"/>
    <property name="java.awt.graphicsenv" value="sun.awt.Win32GraphicsEnvironment"/>
    <property name="surefire.real.class.path" value="C:\Users\EIMYME~1\AppData\Local\Temp\surefire10432439807986577408\surefirebooter8060949929526459305.jar"/>
    <property name="user.script" value=""/>
    <property name="sun.management.compiler" value="HotSpot 64-Bit Tiered Compilers"/>
    <property name="java.runtime.version" value="12.0.1+12"/>
    <property name="user.name" value="Eimy Mendez"/>
    <property name="path.separator" value=";"/>
    <property name="os.version" value="10.0"/>
    <property name="java.runtime.name" value="Java(TM) SE Runtime Environment"/>
    <property name="file.encoding" value="Cp1252"/>
    <property name="java.vm.name" value="Java HotSpot(TM) 64-Bit Server VM"/>
    <property name="localRepository" value="C:\Users\Eimy Mendez\.m2\repository"/>
    <property name="java.vendor.url.bug" value="https://bugreport.java.com/bugreport/"/>
    <property name="java.io.tmpdir" value="c:\wildfly-17.0.0.Final\quickstart-17.0.0.Final\helloworld-ws\target"/>
    <property name="java.version" value="12.0.1"/>
    <property name="user.dir" value="c:\wildfly-17.0.0.Final\quickstart-17.0.0.Final\helloworld-ws"/>
    <property name="os.arch" value="amd64"/>
    <property name="java.vm.specification.name" value="Java Virtual Machine Specification"/>
    <property name="sun.os.patch.level" value=""/>
    <property name="java.library.path" value="C:\Program Files\Java\jdk-12.0.1\bin;C:\WINDOWS\Sun\Java\bin;C:\WINDOWS\system32;C:\WINDOWS;C:\Program Files (x86)\Windows Resource Kits\Tools\;C:\WINDOWS\system32;C:\WINDOWS;C:\WINDOWS\System32\Wbem;C:\WINDOWS\System32\WindowsPowerShell\v1.0\;C:\WINDOWS\System32\OpenSSH\;C:\Program Files\PuTTY\;C:\apache-ant-1.10.6\bin;C:\Program Files\Apache Software Foundation\Tomcat 9.0\bin;C:\Program Files\Java\jdk-12.0.1\bin;C:\wildfly-17.0.0.Final\bin;C:\jazz\scmtools\eclipse;C:\apache-maven-3.6.1\bin;C:\Users\Eimy Mendez\AppData\Local\Microsoft\WindowsApps;;."/>
    <property name="java.vm.info" value="mixed mode, sharing"/>
    <property name="java.vendor" value="Oracle Corporation"/>
    <property name="java.vm.version" value="12.0.1+12"/>
    <property name="sun.io.unicode.encoding" value="UnicodeLittle"/>
    <property name="java.class.version" value="56.0"/>
  </properties>
  <testcase name="testHello" classname="org.jboss.as.quickstarts.wshelloworld.ClientTest" time="0">
    <skipped message="got: &lt;false&gt;, expected: is &lt;true&gt;"/>
    <system-out><![CDATA[WSDL Deployment URL: http://localhost:8080/helloworld-ws/HelloWorldService?wsdl
]]></system-out>
  </testcase>
  <testcase name="testHelloName" classname="org.jboss.as.quickstarts.wshelloworld.ClientTest" time="0">
    <skipped message="got: &lt;false&gt;, expected: is &lt;true&gt;"/>
  </testcase>
  <testcase name="testHelloNames" classname="org.jboss.as.quickstarts.wshelloworld.ClientTest" time="0">
    <skipped message="got: &lt;false&gt;, expected: is &lt;true&gt;"/>
  </testcase>
</testsuite>